; –ò—Å—Å–ª–µ–¥–æ–≤–∞—Ç—å –ø—Ä–æ—Ü–µ—Å—Å –≤—ã–ø–æ–ª–Ω–µ–Ω–∏—è –∫–æ–º–∞–Ω–¥ –≤—ã–∑–æ–≤–∞ –∏ –≤–æ–∑–≤—Ä–∞—Ç–∞ –∏–∑ –ø–æ–¥–ø—Ä–æ–≥—Ä–∞–º–º—ã,–∞ —Ç–∞–∫–∂–µ –∫–æ–º–∞–Ω–¥ —Ä–∞–±–æ—Ç—ã —Å–æ —Å—Ç–µ–∫–æ–º.
; 1. –ó–∞–≥—Ä—É–∑–∏—Ç—å –ø—Ä–æ–≥—Ä–∞–º–º—É 1 –≤ –ø–∞–º—è—Ç—å —ç–º—É–ª—è—Ç–æ—Ä–∞ Manef,–Ω–∞—á–∏–Ω–∞—è —Å –∞–¥—Ä–µ—Å–∞ 0800h.
; 2. –í—ã–ø–æ–ª–Ω–∏—Ç—å –ø—Ä–æ–≥—Ä–∞–º–º—É 1 –≤ –ø–æ—à–∞–≥–æ–≤–æ–º —Ä–µ–∂–∏–º–µ. –ü–æ—Å–ª–µ –∫–∞–∂–¥–æ–π –∫–æ–º–∞–Ω–¥—ã –ø—Ä–æ–≤–µ—Ä—è—Ç—å —Å–æ–¥–µ—Ä–∂–∏–º–æ–µ –≤—Å–µ—Ö —Ä–µ–≥–∏—Å—Ç—Ä–æ–≤ –ú–ü.
; 3. –ó–∞–º–µ–Ω–∏—Ç—å –≤ –ø—Ä–æ–≥—Ä–∞–º–º–µ 1 –∫–æ–º–∞–Ω–¥—É POP PSW –Ω–∞ –∫–æ–º–∞–Ω–¥—É NOP –∏ –ø—Ä–æ—Å–ª–µ–¥–∏—Ç—å,–∫–∞–∫ –±—É–¥–µ—Ç –≤—ã–ø–æ–ª–Ω—è—Ç—å—Å—è –ø—Ä–æ–≥—Ä–∞–º–º–∞
; –û–±—ä—è—Å–Ω–∏—Ç—å –ø—Ä–æ–∏–∑–æ—à–µ–¥—à–∏–µ –∏–∑–º–µ–Ω–µ–Ω–∏—è.
; –í –æ—Ç—á–µ—Ç–µ –ø—Ä–∏–≤–µ—Å—Ç–∏ —Å–æ–¥–µ—Ä–∂–∞–Ω–∏–µ —Å—Ç–µ–∫–∞ –≤ –º–æ–º–µ–Ω—Ç –≤–æ–∑–≤—Ä–∞—Ç–∞ –∏–∑ –ø–æ–¥–ø—Ä–æ–≥—Ä–∞–º–º—ã –¥–æ –∏ –ø–æ—Å–ª–µ –∑–∞–º–µ–Ω—ã. 

0800: __            |              $ADR   0800H        ; –ê–¥—Ä–µ—Å –Ω–∞—á–∞–ª–∞ –ø—Ä–æ–≥—Ä–∞–º–º—ã

0800: 31 B0 0B      |              LXI    SP, 0BB0H    ; –ó–∞–ø–∏—Å–∞—Ç—å –≤ —É–∫–∞–∑–∞—Ç–µ–ª—å —Å—Ç–µ–∫–∞ SP –∞–¥—Ä–µ—Å 0BB0
0803: CD 07 08      |              CALL   STDY         ; –í—ã–∑–≤–∞—Ç—å –ø–æ–¥–ø—Ä–æ–≥—Ä–∞–º–º—É STDY
0806: CF            |              RST1                ; –û—Å—Ç–∞–Ω–æ–≤–∏—Ç—å –≤—ã–ø–æ–ª–Ω–µ–Ω–∏–µ –ø–æ–¥–ø—Ä–æ–≥—Ä–∞–º–º—ã
0807: F5            | STDY:        PUSH   PSW          ; –ó–∞–ø–∏—Å–∞—Ç—å —Å–ª–æ–≤–æ —Å–æ—Å—Ç–æ—è–Ω–∏—è –ú–ü –ë–ò–° –≤ —Å—Ç–µ–∫
0808: C5            |              PUSH   B            ; –ó–∞–ø–∏—Å–∞—Ç—å —Å–æ–¥–µ—Ä–∂–∏–º–æ–µ —Ä–µ–≥–∏—Å—Ç—Ä–∞ B,C –≤ —Å—Ç–µ–∫
0809: D5            |              PUSH   D            ; –ó–∞–ø–∏—Å–∞—Ç—å —Å–æ–¥–µ—Ä–∂–∏–º–æ–µ —Ä–µ–≥–∏—Å—Ç—Ä–æ–≤ D,E –≤ —Å—Ç–µ–∫
080A: E5            |              PUSH   H            ; –ó–∞–ø–∏—Å–∞—Ç—å —Å–æ–¥–µ—Ä–∂–∏–º–æ–µ —Ä–µ–≥–∏—Å—Ç—Ä–æ–≤ H,L –≤ —Å—Ç–µ–∫
080B: 3E 05         |              MVI    A, 05        ; –ó–∞–ø–∏—Å–∞—Ç—å –≤ —Ä–µ–≥–∏—Å—Ç—Ä A —á–∏—Å–ª–æ 05
080D: 47            |              MOV    B, A         ; –ó–∞–ø–∏—Å–∞—Ç—å —á–∏—Å–ª–æ –∏–∑ —Ä–µ–≥–∏—Å—Ç—Ä–∞ A –≤ —Ä–µ–≥–∏—Å—Ç—Ä B
080E: 87            |              ADD    A            ; –£–¥–≤–æ–∏—Ç—å —Å–æ–¥–µ—Ä–∂–∏–º–æ–µ –∞–∫–∫—É–º—É–ª—è—Ç–æ—Ä–∞
080F: 5F            |              MOV    E, A         ; –ó–∞–ø–∏—Å–∞—Ç—å —Å–æ–¥–µ—Ä–∂–∏–º–æ–µ —Ä–µ–≥–∏—Å—Ç—Ä–∞ A –≤ —Ä–µ–≥–∏—Å—Ç—Ä E
0810: 67            |              MOV    H, A         ; –ó–∞–ø–∏—Å–∞—Ç—å —Å–æ–¥–µ—Ä–∂–∏–º–æ–µ —Ä–µ–≥–∏—Å—Ç—Ä–∞ A –≤ —Ä–µ–≥–∏—Å—Ç—Ä H
0811: E1            |              POP    H            ; –ó–∞–ø–∏—Å–∞—Ç—å —á–∏—Å–ª–∞ –∏–∑ —Å—Ç–µ–∫–∞ –≤ —Ä–µ–≥–∏—Å—Ç—Ä—ã H,L
0812: D1            |              POP    D            ; –ó–∞–ø–∏—Å–∞—Ç—å —á–∏—Å–ª–∞ –∏–∑ —Å—Ç–µ–∫–∞ –≤ —Ä–µ–≥–∏—Å—Ç—Ä—ã D,E
0813: C1            |              POP    B            ; –ó–∞–ø–∏—Å–∞—Ç—å —á–∏—Å–ª–∞ –∏–∑ —Å—Ç–µ–∫–∞ –≤ —Ä–µ–≥–∏—Å—Ç—Ä—ã B,C
0814: F1            |              POP    PSW          ; –ó–∞–ø–∏—Å–∞—Ç—å —Å–ª–æ–≤–æ —Å–æ—Å—Ç–æ—è–Ω–∏—è –∏–∑ —Å—Ç–µ–∫–∞ –≤ –ú–ü –ë–ò–°
0815: C9            |              RET                 ; –í–æ–∑–≤—Ä–∞—Ç –ø–æ–¥–ø—Ä–æ–≥—Ä–∞–º–º—ã
0816: 00            | END:         NOP                 ; –ú–µ—Ç–∫–∞ –∑–∞–≤–µ—Ä—à–µ–Ω–∏—è –ø—Ä–æ–≥—Ä–∞–º–º—ã
   -------------------------------------------------
             é°≠†‡„¶•≠≠Î• ®§•≠‚®‰®™†‚Æ‡Î

      STDY <0807>             END <0816>
